Using pre-set license
Built from '2020.3/staging' branch; Version is '2020.3.17f1 (a4537701e4ab) revision 10769271'; Using compiler version '192528614'; Build Type 'Release'
OS: 'Windows 10 Enterprise; OS build 19042.1645; Version 2009; 64bit' Language: 'en' Physical Memory: 16097 MB
BatchMode: 1, IsHumanControllingUs: 0, StartBugReporterOnCrash: 0, Is64bit: 1, IsPro: 0

COMMAND LINE ARGUMENTS:
C:\Program Files\Unity\Hub\Editor\2020.3.17f1\Editor\Unity.exe
-adb2
-batchMode
-noUpm
-name
AssetImportWorker0
-projectPath
E:/School files/SIM 150/Game 3- Terrible Tweeters/TerribleTweetersDev/Terrible Tweeters
-logFile
Logs/AssetImportWorker0.log
-srvPort
63033
Successfully changed project path to: E:/School files/SIM 150/Game 3- Terrible Tweeters/TerribleTweetersDev/Terrible Tweeters
E:/School files/SIM 150/Game 3- Terrible Tweeters/TerribleTweetersDev/Terrible Tweeters
Using Asset Import Pipeline V2.
Refreshing native plugins compatible for Editor in 41.64 ms, found 3 plugins.
Preloading 0 native plugins for Editor in 0.00 ms.
Initialize engine version: 2020.3.17f1 (a4537701e4ab)
[Subsystems] Discovering subsystems at path C:/Program Files/Unity/Hub/Editor/2020.3.17f1/Editor/Data/Resources/UnitySubsystems
[Subsystems] Discovering subsystems at path E:/School files/SIM 150/Game 3- Terrible Tweeters/TerribleTweetersDev/Terrible Tweeters/Assets
GfxDevice: creating device client; threaded=0
Direct3D:
    Version:  Direct3D 11.0 [level 11.1]
    Renderer: NVIDIA GeForce GTX 1660 SUPER (ID=0x21c4)
    Vendor:   
    VRAM:     5991 MB
    Driver:   30.0.14.7196
Initialize mono
Mono path[0] = 'C:/Program Files/Unity/Hub/Editor/2020.3.17f1/Editor/Data/Managed'
Mono path[1] = 'C:/Program Files/Unity/Hub/Editor/2020.3.17f1/Editor/Data/MonoBleedingEdge/lib/mono/unityjit'
Mono config path = 'C:/Program Files/Unity/Hub/Editor/2020.3.17f1/Editor/Data/MonoBleedingEdge/etc'
Using monoOptions --debugger-agent=transport=dt_socket,embedding=1,server=y,suspend=n,address=127.0.0.1:56264
Begin MonoManager ReloadAssembly
Registering precompiled unity dll's ...
Register platform support module: C:/Program Files/Unity/Hub/Editor/2020.3.17f1/Editor/Data/PlaybackEngines/WebGLSupport/UnityEditor.WebGL.Extensions.dll
Register platform support module: C:/Program Files/Unity/Hub/Editor/2020.3.17f1/Editor/Data/PlaybackEngines/WindowsStandaloneSupport/UnityEditor.WindowsStandalone.Extensions.dll
Registered in 0.002145 seconds.
Native extension for WindowsStandalone target not found
Native extension for WebGL target not found
Refreshing native plugins compatible for Editor in 33.92 ms, found 3 plugins.
Preloading 0 native plugins for Editor in 0.00 ms.
Mono: successfully reloaded assembly
- Completed reload, in  1.866 seconds
Domain Reload Profiling:
	ReloadAssembly (1866ms)
		BeginReloadAssembly (66ms)
			ExecutionOrderSort (0ms)
			DisableScriptedObjects (0ms)
			BackupInstance (0ms)
			ReleaseScriptingObjects (0ms)
			CreateAndSetChildDomain (1ms)
		EndReloadAssembly (339ms)
			LoadAssemblies (64ms)
			RebuildTransferFunctionScriptingTraits (0ms)
			SetupTypeCache (119ms)
			ReleaseScriptCaches (0ms)
			RebuildScriptCaches (24ms)
			SetupLoadedEditorAssemblies (125ms)
				LogAssemblyErrors (0ms)
				InitializePlatformSupportModulesInManaged (4ms)
				SetLoadedEditorAssemblies (0ms)
				RefreshPlugins (34ms)
				BeforeProcessingInitializeOnLoad (6ms)
				ProcessInitializeOnLoadAttributes (58ms)
				ProcessInitializeOnLoadMethodAttributes (23ms)
				AfterProcessingInitializeOnLoad (0ms)
				EditorAssembliesLoaded (0ms)
			ExecutionOrderSort2 (0ms)
			AwakeInstancesAfterBackupRestoration (0ms)
Platform modules already initialized, skipping
Registering precompiled user dll's ...
Registered in 0.018605 seconds.
Begin MonoManager ReloadAssembly
Native extension for WindowsStandalone target not found
Native extension for WebGL target not found
Refreshing native plugins compatible for Editor in 34.98 ms, found 3 plugins.
Preloading 0 native plugins for Editor in 0.00 ms.
Mono: successfully reloaded assembly
- Completed reload, in  1.027 seconds
Domain Reload Profiling:
	ReloadAssembly (1028ms)
		BeginReloadAssembly (117ms)
			ExecutionOrderSort (0ms)
			DisableScriptedObjects (4ms)
			BackupInstance (0ms)
			ReleaseScriptingObjects (0ms)
			CreateAndSetChildDomain (15ms)
		EndReloadAssembly (863ms)
			LoadAssemblies (92ms)
			RebuildTransferFunctionScriptingTraits (0ms)
			SetupTypeCache (232ms)
			ReleaseScriptCaches (0ms)
			RebuildScriptCaches (41ms)
			SetupLoadedEditorAssemblies (397ms)
				LogAssemblyErrors (0ms)
				InitializePlatformSupportModulesInManaged (4ms)
				SetLoadedEditorAssemblies (0ms)
				RefreshPlugins (35ms)
				BeforeProcessingInitializeOnLoad (53ms)
				ProcessInitializeOnLoadAttributes (284ms)
				ProcessInitializeOnLoadMethodAttributes (14ms)
				AfterProcessingInitializeOnLoad (7ms)
				EditorAssembliesLoaded (0ms)
			ExecutionOrderSort2 (0ms)
			AwakeInstancesAfterBackupRestoration (5ms)
Platform modules already initialized, skipping
========================================================================
Worker process is ready to serve import requests
Launched and connected shader compiler UnityShaderCompiler.exe after 0.22 seconds
Refreshing native plugins compatible for Editor in 0.42 ms, found 3 plugins.
Preloading 0 native plugins for Editor in 0.00 ms.
Unloading 2242 Unused Serialized files (Serialized files now loaded: 0)
System memory in use before: 99.0 MB.
System memory in use after: 99.1 MB.

Unloading 29 unused Assets to reduce memory usage. Loaded Objects now: 2681.
Total: 2.484900 ms (FindLiveObjects: 0.178900 ms CreateObjectMapping: 0.081400 ms MarkObjects: 2.172000 ms  DeleteObjects: 0.051700 ms)

AssetImportParameters requested are different than current active one (requested -> active):
  custom:framework-win-MediaFoundation: 216162199b28c13a410421893ffa2e32 -> 
  custom:video-decoder-ogg-theora: a1e56fd34408186e4bbccfd4996cb3dc -> 
  custom:container-muxer-webm: aa71ff27fc2769a1b78a27578f13a17b -> 
  custom:container-demuxer-webm: 4f35f7cbe854078d1ac9338744f61a02 -> 
  custom:container-demuxer-ogg: 62fdf1f143b41e24485cea50d1cbac27 -> 
  custom:video-encoder-webm-vp8: eb34c28f22e8b96e1ab97ce403110664 -> 
  custom:video-decoder-webm-vp8: 9c59270c3fd7afecdb556c50c9e8de78 -> 
  custom:audio-decoder-ogg-vorbis: bf7c407c2cedff20999df2af8eb42d56 -> 
  custom:audio-encoder-webm-vorbis: bf7c407c2cedff20999df2af8eb42d56 -> 
========================================================================
Received Import Request.
  path: Assets/Scripts/Monster.cs
  artifactKey: Guid(2c3e670668469484494ea0d941eb372b) Importer(815301076,1909f56bfc062723c751e8b465ee728b)
Start importing Assets/Scripts/Monster.cs using Guid(2c3e670668469484494ea0d941eb372b) Importer(815301076,1909f56bfc062723c751e8b465ee728b)  -> (artifact id: '2b03272372d6f1df3cfd01fd8741b8df') in 0.113916 seconds 
  Import took 0.176982 seconds .

========================================================================
Received Import Request.
  Time since last request: 36.226179 seconds.
  path: Assets/Audio
  artifactKey: Guid(9b02cdd9e63c35645bd3dfe689d1e847) Importer(815301076,1909f56bfc062723c751e8b465ee728b)
Start importing Assets/Audio using Guid(9b02cdd9e63c35645bd3dfe689d1e847) Importer(815301076,1909f56bfc062723c751e8b465ee728b)  -> (artifact id: '1b0e29d927f228a9aefcd07b79644170') in 0.016819 seconds 
  Import took 0.049566 seconds .

========================================================================
Received Import Request.
  Time since last request: 1426.234796 seconds.
  path: Assets/Audio/Music
  artifactKey: Guid(b1e8c4eaa9baf724abd4b9a79c5fbb14) Importer(815301076,1909f56bfc062723c751e8b465ee728b)
Start importing Assets/Audio/Music using Guid(b1e8c4eaa9baf724abd4b9a79c5fbb14) Importer(815301076,1909f56bfc062723c751e8b465ee728b)  -> (artifact id: 'd0d04053eb6797c0cdfe9f3470b7a0a2') in 0.017036 seconds 
  Import took 0.023008 seconds .

========================================================================
Received Import Request.
  Time since last request: 0.007052 seconds.
  path: Assets/Audio/Music
  artifactKey: Guid(b1e8c4eaa9baf724abd4b9a79c5fbb14) Importer(815301076,1909f56bfc062723c751e8b465ee728b)
Start importing Assets/Audio/Music using Guid(b1e8c4eaa9baf724abd4b9a79c5fbb14) Importer(815301076,1909f56bfc062723c751e8b465ee728b)  -> (artifact id: 'd0d04053eb6797c0cdfe9f3470b7a0a2') in 0.014909 seconds 
  Import took 0.018468 seconds .

========================================================================
Received Import Request.
  Time since last request: 7.440626 seconds.
  path: Assets/Audio/Effects
  artifactKey: Guid(14582adcbebada14597bcbe43c48caed) Importer(815301076,1909f56bfc062723c751e8b465ee728b)
Start importing Assets/Audio/Effects using Guid(14582adcbebada14597bcbe43c48caed) Importer(815301076,1909f56bfc062723c751e8b465ee728b)  -> (artifact id: '2167bcfa00c36ea045b9784e97275745') in 0.014175 seconds 
  Import took 0.041812 seconds .

========================================================================
Received Import Request.
  Time since last request: 73.489504 seconds.
  path: Assets/Audio/Music/Music.zip
  artifactKey: Guid(aaae41160fd46f042be998e7a40dbc84) Importer(815301076,1909f56bfc062723c751e8b465ee728b)
Start importing Assets/Audio/Music/Music.zip using Guid(aaae41160fd46f042be998e7a40dbc84) Importer(815301076,1909f56bfc062723c751e8b465ee728b)  -> (artifact id: 'd915df129f778aecab3a961879c58f56') in 0.059350 seconds 
  Import took 0.072524 seconds .

========================================================================
Received Import Request.
  Time since last request: 380.990343 seconds.
  path: Assets/Audio/Music/Anime-esque Intro-Outro Theme.zip
  artifactKey: Guid(52bf498f5f46fb54cbde4e930f937a3d) Importer(815301076,1909f56bfc062723c751e8b465ee728b)
Start importing Assets/Audio/Music/Anime-esque Intro-Outro Theme.zip using Guid(52bf498f5f46fb54cbde4e930f937a3d) Importer(815301076,1909f56bfc062723c751e8b465ee728b)  -> (artifact id: '2ba170fa258d2cc4387602008d37563d') in 0.375503 seconds 
  Import took 0.415371 seconds .

========================================================================
Received Import Request.
  Time since last request: 63.916858 seconds.
  path: Assets/Audio/Music/Anime-esque Intro-Outro Theme
  artifactKey: Guid(3aa448a169d6bbb4a99947c020f20234) Importer(815301076,1909f56bfc062723c751e8b465ee728b)
Start importing Assets/Audio/Music/Anime-esque Intro-Outro Theme using Guid(3aa448a169d6bbb4a99947c020f20234) Importer(815301076,1909f56bfc062723c751e8b465ee728b)  -> (artifact id: 'c2b18198229cd9afd7a3def6104db72b') in 0.052650 seconds 
  Import took 0.056647 seconds .

========================================================================
Received Import Request.
  Time since last request: 6.718553 seconds.
  path: Assets/Audio/Music/Anime-esque Intro-Outro Theme/Anime-esque Intro-Outro Theme
  artifactKey: Guid(447487a8e4df7974a8b1bfb0bfa18812) Importer(815301076,1909f56bfc062723c751e8b465ee728b)
Start importing Assets/Audio/Music/Anime-esque Intro-Outro Theme/Anime-esque Intro-Outro Theme using Guid(447487a8e4df7974a8b1bfb0bfa18812) Importer(815301076,1909f56bfc062723c751e8b465ee728b)  -> (artifact id: '5910c0b660a4b66e0b8a5c99828f7ddf') in 0.157992 seconds 
  Import took 0.200177 seconds .

========================================================================
Received Import Request.
  Time since last request: 0.537755 seconds.
  path: Assets/Audio/Music/Anime-esque Intro-Outro Theme/Anime-esque Intro-Outro Theme/Play Now ~ Bridge (loop 2-2) ~.wav
  artifactKey: Guid(9363256515be3e543bc7535524220e26) Importer(815301076,1909f56bfc062723c751e8b465ee728b)
Start importing Assets/Audio/Music/Anime-esque Intro-Outro Theme/Anime-esque Intro-Outro Theme/Play Now ~ Bridge (loop 2-2) ~.wav using Guid(9363256515be3e543bc7535524220e26) Importer(815301076,1909f56bfc062723c751e8b465ee728b)  -> (artifact id: '1e0bdae1f58544b9d5f600a5f8d3a57e') in 0.128576 seconds 
  Import took 0.148022 seconds .

========================================================================
Received Import Request.
  Time since last request: 1.248887 seconds.
  path: Assets/Audio/Music/Anime-esque Intro-Outro Theme/Anime-esque Intro-Outro Theme/Play Now.wav
  artifactKey: Guid(06f8dfc3a5d721f4eb782ac819f9ee00) Importer(815301076,1909f56bfc062723c751e8b465ee728b)
Start importing Assets/Audio/Music/Anime-esque Intro-Outro Theme/Anime-esque Intro-Outro Theme/Play Now.wav using Guid(06f8dfc3a5d721f4eb782ac819f9ee00) Importer(815301076,1909f56bfc062723c751e8b465ee728b)  -> (artifact id: '43fd87a69ee1b84dcc35365a2d08710d') in 0.033323 seconds 
  Import took 0.037024 seconds .

========================================================================
Received Import Request.
  Time since last request: 16.941160 seconds.
  path: Assets/Audio/Music/Anime-esque Intro-Outro Theme/Anime-esque Intro-Outro Theme/Play Now.mp3
  artifactKey: Guid(326abbe16a8203341a960e77bcd87178) Importer(815301076,1909f56bfc062723c751e8b465ee728b)
Start importing Assets/Audio/Music/Anime-esque Intro-Outro Theme/Anime-esque Intro-Outro Theme/Play Now.mp3 using Guid(326abbe16a8203341a960e77bcd87178) Importer(815301076,1909f56bfc062723c751e8b465ee728b)  -> (artifact id: 'cb73d2218061921f4f8fa3d0f077c222') in 0.035549 seconds 
  Import took 0.058022 seconds .

========================================================================
Received Import Request.
  Time since last request: 0.000262 seconds.
  path: Assets/Audio/Music/Anime-esque Intro-Outro Theme/Anime-esque Intro-Outro Theme/Play Now.ogg
  artifactKey: Guid(a37c3d1155d5ed7428eeb73e850d4d3b) Importer(815301076,1909f56bfc062723c751e8b465ee728b)
Start importing Assets/Audio/Music/Anime-esque Intro-Outro Theme/Anime-esque Intro-Outro Theme/Play Now.ogg using Guid(a37c3d1155d5ed7428eeb73e850d4d3b) Importer(815301076,1909f56bfc062723c751e8b465ee728b)  -> (artifact id: '37ffd7c0ec9d01473d96718d01a508ae') in 0.039632 seconds 
  Import took 0.107196 seconds .

========================================================================
Received Import Request.
  Time since last request: 0.000254 seconds.
  path: Assets/Audio/Music/Anime-esque Intro-Outro Theme/Anime-esque Intro-Outro Theme/Play Now.mp3
  artifactKey: Guid(326abbe16a8203341a960e77bcd87178) Importer(815301076,1909f56bfc062723c751e8b465ee728b)
Start importing Assets/Audio/Music/Anime-esque Intro-Outro Theme/Anime-esque Intro-Outro Theme/Play Now.mp3 using Guid(326abbe16a8203341a960e77bcd87178) Importer(815301076,1909f56bfc062723c751e8b465ee728b)  -> (artifact id: 'cb73d2218061921f4f8fa3d0f077c222') in 0.048650 seconds 
  Import took 0.052250 seconds .

========================================================================
Received Import Request.
  Time since last request: 0.000335 seconds.
  path: Assets/Audio/Music/Anime-esque Intro-Outro Theme/Anime-esque Intro-Outro Theme/Play Now ~ Bridge (loop) ~.ogg
  artifactKey: Guid(741b9bf3b7b87af4596b7b2d21b8fe56) Importer(815301076,1909f56bfc062723c751e8b465ee728b)
Start importing Assets/Audio/Music/Anime-esque Intro-Outro Theme/Anime-esque Intro-Outro Theme/Play Now ~ Bridge (loop) ~.ogg using Guid(741b9bf3b7b87af4596b7b2d21b8fe56) Importer(815301076,1909f56bfc062723c751e8b465ee728b)  -> (artifact id: '0eedc4607baa4a9ed761fee90236d35a') in 0.082518 seconds 
  Import took 0.156883 seconds .

========================================================================
Received Import Request.
  Time since last request: 0.000285 seconds.
  path: Assets/Audio/Music/Anime-esque Intro-Outro Theme/Anime-esque Intro-Outro Theme/Play Now ~ Bridge (loop 1-2) ~.ogg
  artifactKey: Guid(9b68e3cca299f0042b4263d9af508f3a) Importer(815301076,1909f56bfc062723c751e8b465ee728b)
Start importing Assets/Audio/Music/Anime-esque Intro-Outro Theme/Anime-esque Intro-Outro Theme/Play Now ~ Bridge (loop 1-2) ~.ogg using Guid(9b68e3cca299f0042b4263d9af508f3a) Importer(815301076,1909f56bfc062723c751e8b465ee728b)  -> (artifact id: '782065fc842018b435ff166efa86f6df') in 0.028908 seconds 
  Import took 0.045938 seconds .

========================================================================
Received Import Request.
  Time since last request: 0.000408 seconds.
  path: Assets/Audio/Music/Anime-esque Intro-Outro Theme/Anime-esque Intro-Outro Theme/Play Now ~ Bridge (loop 1-2) ~.wav
  artifactKey: Guid(60d9161b2c36b48419a35795dac5fd91) Importer(815301076,1909f56bfc062723c751e8b465ee728b)
Start importing Assets/Audio/Music/Anime-esque Intro-Outro Theme/Anime-esque Intro-Outro Theme/Play Now ~ Bridge (loop 1-2) ~.wav using Guid(60d9161b2c36b48419a35795dac5fd91) Importer(815301076,1909f56bfc062723c751e8b465ee728b)  -> (artifact id: '1c1e171318ea0a690b2fdcf27a2e98bd') in 0.054042 seconds 
  Import took 0.057715 seconds .

========================================================================
Received Import Request.
  Time since last request: 0.000268 seconds.
  path: Assets/Audio/Music/Anime-esque Intro-Outro Theme/Anime-esque Intro-Outro Theme/Play Now ~ Bridge (loop 1-2) ~.ogg
  artifactKey: Guid(9b68e3cca299f0042b4263d9af508f3a) Importer(815301076,1909f56bfc062723c751e8b465ee728b)
Start importing Assets/Audio/Music/Anime-esque Intro-Outro Theme/Anime-esque Intro-Outro Theme/Play Now ~ Bridge (loop 1-2) ~.ogg using Guid(9b68e3cca299f0042b4263d9af508f3a) Importer(815301076,1909f56bfc062723c751e8b465ee728b)  -> (artifact id: '782065fc842018b435ff166efa86f6df') in 0.088829 seconds 
  Import took 0.092385 seconds .

========================================================================
Received Import Request.
  Time since last request: 0.000331 seconds.
  path: Assets/Audio/Music/Anime-esque Intro-Outro Theme/Anime-esque Intro-Outro Theme/Play Now ~ Bridge (loop) ~.wav
  artifactKey: Guid(cc3669b50e37e6741b7867c9bb64ff1a) Importer(815301076,1909f56bfc062723c751e8b465ee728b)
Start importing Assets/Audio/Music/Anime-esque Intro-Outro Theme/Anime-esque Intro-Outro Theme/Play Now ~ Bridge (loop) ~.wav using Guid(cc3669b50e37e6741b7867c9bb64ff1a) Importer(815301076,1909f56bfc062723c751e8b465ee728b)  -> (artifact id: '6a48bf2bff238db1eb583aff783a7eee') in 0.073947 seconds 
  Import took 0.078097 seconds .

========================================================================
Received Import Request.
  Time since last request: 0.000280 seconds.
  path: Assets/Audio/Music/Anime-esque Intro-Outro Theme/Anime-esque Intro-Outro Theme/Play Now ~ Bridge (loop 2-2) ~.ogg
  artifactKey: Guid(783b1fba2dddd954bae0a5ba2eb65c35) Importer(815301076,1909f56bfc062723c751e8b465ee728b)
Start importing Assets/Audio/Music/Anime-esque Intro-Outro Theme/Anime-esque Intro-Outro Theme/Play Now ~ Bridge (loop 2-2) ~.ogg using Guid(783b1fba2dddd954bae0a5ba2eb65c35) Importer(815301076,1909f56bfc062723c751e8b465ee728b)  -> (artifact id: '7f4105ed19743d53c5f73b81916c597a') in 0.072689 seconds 
  Import took 0.097059 seconds .

========================================================================
Received Import Request.
  Time since last request: 0.415625 seconds.
  path: Assets/Audio/Music/Anime-esque Intro-Outro Theme/Anime-esque Intro-Outro Theme/Play Now ~ Intro ~.ogg
  artifactKey: Guid(4264dcce2ccccc34690e40d0376b8b70) Importer(815301076,1909f56bfc062723c751e8b465ee728b)
Start importing Assets/Audio/Music/Anime-esque Intro-Outro Theme/Anime-esque Intro-Outro Theme/Play Now ~ Intro ~.ogg using Guid(4264dcce2ccccc34690e40d0376b8b70) Importer(815301076,1909f56bfc062723c751e8b465ee728b)  -> (artifact id: 'fd31462f650a103e79a69897c600c12b') in 0.212402 seconds 
  Import took 0.221356 seconds .

========================================================================
Received Import Request.
  Time since last request: 0.000291 seconds.
  path: Assets/Audio/Music/Anime-esque Intro-Outro Theme/Anime-esque Intro-Outro Theme/Play Now ~ Outro ~.wav
  artifactKey: Guid(9a8a41022331ed944860e9e91788ea83) Importer(815301076,1909f56bfc062723c751e8b465ee728b)
Start importing Assets/Audio/Music/Anime-esque Intro-Outro Theme/Anime-esque Intro-Outro Theme/Play Now ~ Outro ~.wav using Guid(9a8a41022331ed944860e9e91788ea83) Importer(815301076,1909f56bfc062723c751e8b465ee728b)  -> (artifact id: '651a3d984a6c664dd543d009cfb664cc') in 0.027206 seconds 
  Import took 0.062219 seconds .

========================================================================
Received Import Request.
  Time since last request: 0.000265 seconds.
  path: Assets/Audio/Music/Anime-esque Intro-Outro Theme/Anime-esque Intro-Outro Theme/Play Now ~ Outro ~.ogg
  artifactKey: Guid(29e028f2289c2a54088590e47c9521d3) Importer(815301076,1909f56bfc062723c751e8b465ee728b)
Start importing Assets/Audio/Music/Anime-esque Intro-Outro Theme/Anime-esque Intro-Outro Theme/Play Now ~ Outro ~.ogg using Guid(29e028f2289c2a54088590e47c9521d3) Importer(815301076,1909f56bfc062723c751e8b465ee728b)  -> (artifact id: '4e422e64b8e7f60a54b4b6dde3820297') in 0.028334 seconds 
  Import took 0.031797 seconds .

========================================================================
Received Import Request.
  Time since last request: 0.000235 seconds.
  path: Assets/Audio/Music/Anime-esque Intro-Outro Theme/Anime-esque Intro-Outro Theme/Play Now ~ Intro ~.wav
  artifactKey: Guid(79ab9cf067b8d914aa64ef6f3aa26c15) Importer(815301076,1909f56bfc062723c751e8b465ee728b)
Start importing Assets/Audio/Music/Anime-esque Intro-Outro Theme/Anime-esque Intro-Outro Theme/Play Now ~ Intro ~.wav using Guid(79ab9cf067b8d914aa64ef6f3aa26c15) Importer(815301076,1909f56bfc062723c751e8b465ee728b)  -> (artifact id: 'b50b99d4d498dee8418ea6b568681f22') in 0.029401 seconds 
  Import took 0.032865 seconds .

========================================================================
Received Import Request.
  Time since last request: 1.102178 seconds.
  path: Assets/Audio/Effects/BounceYoFrankie.flac
  artifactKey: Guid(a2e91a1fda9967847909bb559eb413f8) Importer(815301076,1909f56bfc062723c751e8b465ee728b)
Start importing Assets/Audio/Effects/BounceYoFrankie.flac using Guid(a2e91a1fda9967847909bb559eb413f8) Importer(815301076,1909f56bfc062723c751e8b465ee728b)  -> (artifact id: 'cd4fb020f9529ef28f4494df9149faa6') in 0.055599 seconds 
  Import took 0.076677 seconds .

========================================================================
Received Import Request.
  Time since last request: 27.841101 seconds.
  path: Assets/Audio/Effects/sfx_breaking_and_falling.zip
  artifactKey: Guid(73ec0b0337b01cd41bf4004da5c12dac) Importer(815301076,1909f56bfc062723c751e8b465ee728b)
Start importing Assets/Audio/Effects/sfx_breaking_and_falling.zip using Guid(73ec0b0337b01cd41bf4004da5c12dac) Importer(815301076,1909f56bfc062723c751e8b465ee728b)  -> (artifact id: '4c24178608886add899b5b1525631506') in 0.015309 seconds 
  Import took 0.042890 seconds .

========================================================================
Received Prepare
Registering precompiled user dll's ...
Registered in 0.022122 seconds.
Begin MonoManager ReloadAssembly
Native extension for WindowsStandalone target not found
Native extension for WebGL target not found
Refreshing native plugins compatible for Editor in 0.81 ms, found 3 plugins.
Preloading 0 native plugins for Editor in 0.00 ms.
Mono: successfully reloaded assembly
- Completed reload, in  1.038 seconds
Domain Reload Profiling:
	ReloadAssembly (1039ms)
		BeginReloadAssembly (175ms)
			ExecutionOrderSort (0ms)
			DisableScriptedObjects (9ms)
			BackupInstance (0ms)
			ReleaseScriptingObjects (0ms)
			CreateAndSetChildDomain (64ms)
		EndReloadAssembly (815ms)
			LoadAssemblies (128ms)
			RebuildTransferFunctionScriptingTraits (0ms)
			SetupTypeCache (241ms)
			ReleaseScriptCaches (1ms)
			RebuildScriptCaches (36ms)
			SetupLoadedEditorAssemblies (357ms)
				LogAssemblyErrors (0ms)
				InitializePlatformSupportModulesInManaged (5ms)
				SetLoadedEditorAssemblies (0ms)
				RefreshPlugins (1ms)
				BeforeProcessingInitializeOnLoad (48ms)
				ProcessInitializeOnLoadAttributes (293ms)
				ProcessInitializeOnLoadMethodAttributes (4ms)
				AfterProcessingInitializeOnLoad (6ms)
				EditorAssembliesLoaded (0ms)
			ExecutionOrderSort2 (0ms)
			AwakeInstancesAfterBackupRestoration (9ms)
Platform modules already initialized, skipping
Refreshing native plugins compatible for Editor in 0.45 ms, found 3 plugins.
Preloading 0 native plugins for Editor in 0.00 ms.
Unloading 2230 Unused Serialized files (Serialized files now loaded: 0)
System memory in use before: 101.5 MB.
System memory in use after: 101.7 MB.

Unloading 17 unused Assets to reduce memory usage. Loaded Objects now: 2693.
Total: 2.554700 ms (FindLiveObjects: 0.186700 ms CreateObjectMapping: 0.082200 ms MarkObjects: 2.255500 ms  DeleteObjects: 0.029500 ms)

AssetImportParameters requested are different than current active one (requested -> active):
  custom:framework-win-MediaFoundation: 216162199b28c13a410421893ffa2e32 -> 
  custom:video-decoder-ogg-theora: a1e56fd34408186e4bbccfd4996cb3dc -> 
  custom:container-muxer-webm: aa71ff27fc2769a1b78a27578f13a17b -> 
  custom:container-demuxer-webm: 4f35f7cbe854078d1ac9338744f61a02 -> 
  custom:container-demuxer-ogg: 62fdf1f143b41e24485cea50d1cbac27 -> 
  custom:video-encoder-webm-vp8: eb34c28f22e8b96e1ab97ce403110664 -> 
  custom:video-decoder-webm-vp8: 9c59270c3fd7afecdb556c50c9e8de78 -> 
  custom:audio-decoder-ogg-vorbis: bf7c407c2cedff20999df2af8eb42d56 -> 
  custom:audio-encoder-webm-vorbis: bf7c407c2cedff20999df2af8eb42d56 -> 
========================================================================
Received Prepare
Registering precompiled user dll's ...
Registered in 0.016861 seconds.
Begin MonoManager ReloadAssembly
Native extension for WindowsStandalone target not found
Native extension for WebGL target not found
Refreshing native plugins compatible for Editor in 0.42 ms, found 3 plugins.
Preloading 0 native plugins for Editor in 0.00 ms.
Mono: successfully reloaded assembly
- Completed reload, in  0.897 seconds
Domain Reload Profiling:
	ReloadAssembly (897ms)
		BeginReloadAssembly (101ms)
			ExecutionOrderSort (0ms)
			DisableScriptedObjects (6ms)
			BackupInstance (0ms)
			ReleaseScriptingObjects (0ms)
			CreateAndSetChildDomain (27ms)
		EndReloadAssembly (749ms)
			LoadAssemblies (74ms)
			RebuildTransferFunctionScriptingTraits (0ms)
			SetupTypeCache (220ms)
			ReleaseScriptCaches (1ms)
			RebuildScriptCaches (34ms)
			SetupLoadedEditorAssemblies (344ms)
				LogAssemblyErrors (0ms)
				InitializePlatformSupportModulesInManaged (5ms)
				SetLoadedEditorAssemblies (0ms)
				RefreshPlugins (1ms)
				BeforeProcessingInitializeOnLoad (46ms)
				ProcessInitializeOnLoadAttributes (283ms)
				ProcessInitializeOnLoadMethodAttributes (4ms)
				AfterProcessingInitializeOnLoad (5ms)
				EditorAssembliesLoaded (0ms)
			ExecutionOrderSort2 (0ms)
			AwakeInstancesAfterBackupRestoration (8ms)
Platform modules already initialized, skipping
Refreshing native plugins compatible for Editor in 0.41 ms, found 3 plugins.
Preloading 0 native plugins for Editor in 0.00 ms.
Unloading 2230 Unused Serialized files (Serialized files now loaded: 0)
System memory in use before: 101.6 MB.
System memory in use after: 101.7 MB.

Unloading 17 unused Assets to reduce memory usage. Loaded Objects now: 2696.
Total: 2.468900 ms (FindLiveObjects: 0.225600 ms CreateObjectMapping: 0.084000 ms MarkObjects: 2.144700 ms  DeleteObjects: 0.013800 ms)

AssetImportParameters requested are different than current active one (requested -> active):
  custom:framework-win-MediaFoundation: 216162199b28c13a410421893ffa2e32 -> 
  custom:video-decoder-ogg-theora: a1e56fd34408186e4bbccfd4996cb3dc -> 
  custom:container-muxer-webm: aa71ff27fc2769a1b78a27578f13a17b -> 
  custom:container-demuxer-webm: 4f35f7cbe854078d1ac9338744f61a02 -> 
  custom:container-demuxer-ogg: 62fdf1f143b41e24485cea50d1cbac27 -> 
  custom:video-encoder-webm-vp8: eb34c28f22e8b96e1ab97ce403110664 -> 
  custom:video-decoder-webm-vp8: 9c59270c3fd7afecdb556c50c9e8de78 -> 
  custom:audio-decoder-ogg-vorbis: bf7c407c2cedff20999df2af8eb42d56 -> 
  custom:audio-encoder-webm-vorbis: bf7c407c2cedff20999df2af8eb42d56 -> 
========================================================================
Received Prepare
Registering precompiled user dll's ...
Registered in 0.020182 seconds.
Begin MonoManager ReloadAssembly
Native extension for WindowsStandalone target not found
Native extension for WebGL target not found
Refreshing native plugins compatible for Editor in 0.44 ms, found 3 plugins.
Preloading 0 native plugins for Editor in 0.00 ms.
Mono: successfully reloaded assembly
- Completed reload, in  0.999 seconds
Domain Reload Profiling:
	ReloadAssembly (999ms)
		BeginReloadAssembly (104ms)
			ExecutionOrderSort (0ms)
			DisableScriptedObjects (6ms)
			BackupInstance (0ms)
			ReleaseScriptingObjects (0ms)
			CreateAndSetChildDomain (30ms)
		EndReloadAssembly (844ms)
			LoadAssemblies (81ms)
			RebuildTransferFunctionScriptingTraits (0ms)
			SetupTypeCache (244ms)
			ReleaseScriptCaches (1ms)
			RebuildScriptCaches (38ms)
			SetupLoadedEditorAssemblies (399ms)
				LogAssemblyErrors (0ms)
				InitializePlatformSupportModulesInManaged (5ms)
				SetLoadedEditorAssemblies (0ms)
				RefreshPlugins (1ms)
				BeforeProcessingInitializeOnLoad (50ms)
				ProcessInitializeOnLoadAttributes (333ms)
				ProcessInitializeOnLoadMethodAttributes (5ms)
				AfterProcessingInitializeOnLoad (5ms)
				EditorAssembliesLoaded (0ms)
			ExecutionOrderSort2 (0ms)
			AwakeInstancesAfterBackupRestoration (9ms)
Platform modules already initialized, skipping
Refreshing native plugins compatible for Editor in 0.42 ms, found 3 plugins.
Preloading 0 native plugins for Editor in 0.00 ms.
Unloading 2230 Unused Serialized files (Serialized files now loaded: 0)
System memory in use before: 101.6 MB.
System memory in use after: 101.7 MB.

Unloading 17 unused Assets to reduce memory usage. Loaded Objects now: 2699.
Total: 2.559600 ms (FindLiveObjects: 0.179100 ms CreateObjectMapping: 0.085300 ms MarkObjects: 2.278200 ms  DeleteObjects: 0.016000 ms)

AssetImportParameters requested are different than current active one (requested -> active):
  custom:framework-win-MediaFoundation: 216162199b28c13a410421893ffa2e32 -> 
  custom:video-decoder-ogg-theora: a1e56fd34408186e4bbccfd4996cb3dc -> 
  custom:container-muxer-webm: aa71ff27fc2769a1b78a27578f13a17b -> 
  custom:container-demuxer-webm: 4f35f7cbe854078d1ac9338744f61a02 -> 
  custom:container-demuxer-ogg: 62fdf1f143b41e24485cea50d1cbac27 -> 
  custom:video-encoder-webm-vp8: eb34c28f22e8b96e1ab97ce403110664 -> 
  custom:video-decoder-webm-vp8: 9c59270c3fd7afecdb556c50c9e8de78 -> 
  custom:audio-decoder-ogg-vorbis: bf7c407c2cedff20999df2af8eb42d56 -> 
  custom:audio-encoder-webm-vorbis: bf7c407c2cedff20999df2af8eb42d56 -> 
========================================================================
Received Import Request.
  Time since last request: 1284.863386 seconds.
  path: Assets/Audio/Effects/30-cc0-weird-sfx
  artifactKey: Guid(3a0d86794796919448e23d10df108b33) Importer(815301076,1909f56bfc062723c751e8b465ee728b)
Start importing Assets/Audio/Effects/30-cc0-weird-sfx using Guid(3a0d86794796919448e23d10df108b33) Importer(815301076,1909f56bfc062723c751e8b465ee728b)  -> (artifact id: '92eead9c2808774e51d3a677dfc7d546') in 0.028796 seconds 
  Import took 0.032472 seconds .

========================================================================
Received Import Request.
  Time since last request: 0.826572 seconds.
  path: Assets/Audio/Effects/30-cc0-weird-sfx/weird_01.ogg
  artifactKey: Guid(09c4002fd27966a408b798063e1856a3) Importer(815301076,1909f56bfc062723c751e8b465ee728b)
Start importing Assets/Audio/Effects/30-cc0-weird-sfx/weird_01.ogg using Guid(09c4002fd27966a408b798063e1856a3) Importer(815301076,1909f56bfc062723c751e8b465ee728b)  -> (artifact id: '5b425531b44e01efa0af09e20f4095fb') in 0.054419 seconds 
  Import took 0.070992 seconds .

========================================================================
Received Import Request.
  Time since last request: 0.881627 seconds.
  path: Assets/Audio/Effects/30-cc0-weird-sfx/weird_07.ogg
  artifactKey: Guid(614a2e6b76721a5459a2c3bdfea5fa00) Importer(815301076,1909f56bfc062723c751e8b465ee728b)
Start importing Assets/Audio/Effects/30-cc0-weird-sfx/weird_07.ogg using Guid(614a2e6b76721a5459a2c3bdfea5fa00) Importer(815301076,1909f56bfc062723c751e8b465ee728b)  -> (artifact id: '62f72a1ae18b267d7756a61191975561') in 0.030772 seconds 
  Import took 0.036190 seconds .

========================================================================
Received Import Request.
  Time since last request: 21.960647 seconds.
  path: Assets/Audio/Effects/30-cc0-weird-sfx/weird_10.ogg
  artifactKey: Guid(dbab475bd05ec9f48a622c3713985de5) Importer(815301076,1909f56bfc062723c751e8b465ee728b)
Start importing Assets/Audio/Effects/30-cc0-weird-sfx/weird_10.ogg using Guid(dbab475bd05ec9f48a622c3713985de5) Importer(815301076,1909f56bfc062723c751e8b465ee728b)  -> (artifact id: '3c210619b904918e055f7fa484601fb0') in 0.028538 seconds 
  Import took 0.032308 seconds .

AssetImportWorkerClient::OnTransportError - code=2 error=End of file
